Using pre-set license
Built from '2021.1/release' branch; Version is '2021.1.0f1 (61a549675243) revision 6399305'; Using compiler version '192528614'; Build Type 'Release'
OS: 'Windows 10 Education; OS build 19042.928; Version 2009; 64bit' Language: 'ko' Physical Memory: 16313 MB
BatchMode: 1, IsHumanControllingUs: 0, StartBugReporterOnCrash: 0, Is64bit: 1, IsPro: 0

 COMMAND LINE ARGUMENTS:
E:\Unity Hub\Hub\2021.1.0f1\Editor\Unity.exe
-adb2
-batchMode
-noUpm
-name
AssetImportWorker0
-projectPath
E:/UnityProject/TryAngle_Defense
-logFile
Logs/AssetImportWorker0.log
-srvPort
9141
Successfully changed project path to: E:/UnityProject/TryAngle_Defense
E:/UnityProject/TryAngle_Defense
Using Asset Import Pipeline V2.
Refreshing native plugins compatible for Editor in 81.97 ms, found 2 plugins.
Preloading 0 native plugins for Editor in 0.00 ms.
Initialize engine version: 2021.1.0f1 (61a549675243)
[Subsystems] Discovering subsystems at path E:/Unity Hub/Hub/2021.1.0f1/Editor/Data/Resources/UnitySubsystems
[Subsystems] Discovering subsystems at path E:/UnityProject/TryAngle_Defense/Assets
GfxDevice: creating device client; threaded=0; jobified=0
Direct3D:
    Version:  Direct3D 11.0 [level 11.1]
    Renderer: NVIDIA GeForce RTX 2080 (ID=0x1e82)
    Vendor:   NVIDIA
    VRAM:     8010 MB
    Driver:   27.21.14.6140
Initialize mono
Mono path[0] = 'E:/Unity Hub/Hub/2021.1.0f1/Editor/Data/Managed'
Mono path[1] = 'E:/Unity Hub/Hub/2021.1.0f1/Editor/Data/MonoBleedingEdge/lib/mono/unityjit'
Mono config path = 'E:/Unity Hub/Hub/2021.1.0f1/Editor/Data/MonoBleedingEdge/etc'
Using monoOptions --debugger-agent=transport=dt_socket,embedding=1,server=y,suspend=n,address=127.0.0.1:56976
Begin MonoManager ReloadAssembly
Registering precompiled unity dll's ...
Register platform support module: E:/Unity Hub/Hub/2021.1.0f1/Editor/Data/PlaybackEngines/WebGLSupport/UnityEditor.WebGL.Extensions.dll
Register platform support module: E:/Unity Hub/Hub/2021.1.0f1/Editor/Data/PlaybackEngines/WindowsStandaloneSupport/UnityEditor.WindowsStandalone.Extensions.dll
Registered in 0.001040 seconds.
Native extension for WindowsStandalone target not found
Native extension for WebGL target not found
Refreshing native plugins compatible for Editor in 85.06 ms, found 2 plugins.
Preloading 0 native plugins for Editor in 0.00 ms.
Mono: successfully reloaded assembly
- Completed reload, in  0.860 seconds
Platform modules already initialized, skipping
Registering precompiled user dll's ...
Registered in 0.002049 seconds.
Begin MonoManager ReloadAssembly
Native extension for WindowsStandalone target not found
Native extension for WebGL target not found
Refreshing native plugins compatible for Editor in 84.29 ms, found 2 plugins.
Preloading 0 native plugins for Editor in 0.00 ms.
Mono: successfully reloaded assembly
- Completed reload, in  0.894 seconds
Platform modules already initialized, skipping
========================================================================
Worker process is ready to serve import requests
Launched and connected shader compiler UnityShaderCompiler.exe after 0.04 seconds
Refreshing native plugins compatible for Editor in 0.67 ms, found 2 plugins.
Preloading 0 native plugins for Editor in 0.00 ms.
Unloading 3376 Unused Serialized files (Serialized files now loaded: 0)
System memory in use before: 131.9 MB.
System memory in use after: 132.1 MB.

Unloading 24 unused Assets to reduce memory usage. Loaded Objects now: 3832.
Total: 2.729600 ms (FindLiveObjects: 0.364900 ms CreateObjectMapping: 0.092600 ms MarkObjects: 2.207300 ms  DeleteObjects: 0.063600 ms)

========================================================================
Received Import Request.
  path: Assets/Scenes/LobbyScene.unity
  artifactKey: Guid(2cda990e2423bbf4892e6590ba056729) Importer(815301076,1909f56bfc062723c751e8b465ee728b)
Start importing Assets/Scenes/LobbyScene.unity using Guid(2cda990e2423bbf4892e6590ba056729) Importer(815301076,1909f56bfc062723c751e8b465ee728b)  -> (artifact id: '50e98465442c3c47fc7755f53e80e96f') in 0.015627 seconds 
========================================================================
Received Import Request.
  Time since last request: 94.475305 seconds.
  path: Assets/Scenes/GameScene.unity
  artifactKey: Guid(3c823f656cdac854e97089f50b692d51) Importer(815301076,1909f56bfc062723c751e8b465ee728b)
Start importing Assets/Scenes/GameScene.unity using Guid(3c823f656cdac854e97089f50b692d51) Importer(815301076,1909f56bfc062723c751e8b465ee728b)  -> (artifact id: '9af1f5491f22f08c525a02604c8cfcff') in 0.005170 seconds 
========================================================================
Received Prepare
Registering precompiled user dll's ...
Registered in 0.002136 seconds.
Begin MonoManager ReloadAssembly
Native extension for WindowsStandalone target not found
Native extension for WebGL target not found
Refreshing native plugins compatible for Editor in 0.67 ms, found 2 plugins.
Preloading 0 native plugins for Editor in 0.00 ms.
Mono: successfully reloaded assembly
- Completed reload, in  0.756 seconds
Platform modules already initialized, skipping
Refreshing native plugins compatible for Editor in 0.65 ms, found 2 plugins.
Preloading 0 native plugins for Editor in 0.00 ms.
Unloading 3366 Unused Serialized files (Serialized files now loaded: 0)
System memory in use before: 131.5 MB.
System memory in use after: 131.8 MB.

Unloading 12 unused Assets to reduce memory usage. Loaded Objects now: 3836.
Total: 2.428200 ms (FindLiveObjects: 0.344400 ms CreateObjectMapping: 0.078100 ms MarkObjects: 1.979100 ms  DeleteObjects: 0.025800 ms)

========================================================================
Received Import Request.
  Time since last request: 37.741613 seconds.
  path: Assets/Sprites
  artifactKey: Guid(6a48fe6e3f6bbd84e8612cae23f2aa6f) Importer(815301076,1909f56bfc062723c751e8b465ee728b)
Start importing Assets/Sprites using Guid(6a48fe6e3f6bbd84e8612cae23f2aa6f) Importer(815301076,1909f56bfc062723c751e8b465ee728b)  -> (artifact id: 'a753760d51001fd17be0001d683e9e0c') in 0.009076 seconds 
========================================================================
Received Import Request.
  Time since last request: 66.336575 seconds.
  path: Assets/Physics Materials
  artifactKey: Guid(5aa6ec41fbf3f1a439fec3fdd9593b0e) Importer(815301076,1909f56bfc062723c751e8b465ee728b)
Start importing Assets/Physics Materials using Guid(5aa6ec41fbf3f1a439fec3fdd9593b0e) Importer(815301076,1909f56bfc062723c751e8b465ee728b)  -> (artifact id: '8bbbed04d76391e82da859d3201a97e5') in 0.005086 seconds 
========================================================================
Received Import Request.
  Time since last request: 0.418714 seconds.
  path: Assets/Materials
  artifactKey: Guid(ae7a8b5609acb344d820aa3ec079d6d7) Importer(815301076,1909f56bfc062723c751e8b465ee728b)
Start importing Assets/Materials using Guid(ae7a8b5609acb344d820aa3ec079d6d7) Importer(815301076,1909f56bfc062723c751e8b465ee728b)  -> (artifact id: 'f8c27614c428fe7fe6cfeb02af933225') in 0.006915 seconds 
========================================================================
Received Import Request.
  Time since last request: 0.315748 seconds.
  path: Assets/Fonts
  artifactKey: Guid(ba64384f7301f034885154fcd9fce619) Importer(815301076,1909f56bfc062723c751e8b465ee728b)
Start importing Assets/Fonts using Guid(ba64384f7301f034885154fcd9fce619) Importer(815301076,1909f56bfc062723c751e8b465ee728b)  -> (artifact id: '0e29cd8e0e08ba1cefcc8937aa56991f') in 0.005276 seconds 
========================================================================
Received Import Request.
  Time since last request: 0.265968 seconds.
  path: Assets/Animations
  artifactKey: Guid(e833905fe82bfdc479b71c1d9d88f582) Importer(815301076,1909f56bfc062723c751e8b465ee728b)
Start importing Assets/Animations using Guid(e833905fe82bfdc479b71c1d9d88f582) Importer(815301076,1909f56bfc062723c751e8b465ee728b)  -> (artifact id: '245b8ac6905cb63ad222b59b7dff3db4') in 0.007025 seconds 
AssetImportWorkerClient::OnTransportError - code=2 error=End of file
